<?xml version="1.0" encoding="UTF-8" ?>
<testsuite errors="8" failures="0" hostname="tampnend.local" name="forest.ExampleTest" skipped="0" tests="4" time="0.417" timestamp="2025-07-26T15:12:35">
  <properties>
[...]
</properties>
  <testcase classname="forest.ExampleTest" name="testMainTooFewArguments" time="0.112">
    <error message="Setting a Security Manager is not supported" type="java.lang.UnsupportedOperationException">java.lang.UnsupportedOperationException: Setting a Security Manager is not supported
	at java.base/java.lang.System.setSecurityManager(System.java:286)
	at forest.ExampleTest.setUp(Unknown Source)
	at java.base/jdk.internal.reflect.DirectMethodHandleAccessor.invoke(DirectMethodHandleAccessor.java:104)
</error>
    <error message="Setting a Security Manager is not supported" type="java.lang.UnsupportedOperationException">java.lang.UnsupportedOperationException: Setting a Security Manager is not supported
	at java.base/java.lang.System.setSecurityManager(System.java:286)
	at forest.ExampleTest.tearDown(Unknown Source)
	at java.base/jdk.internal.reflect.DirectMethodHandleAccessor.invoke(DirectMethodHandleAccessor.java:104)
</error>
  </testcase>
  <testcase classname="forest.ExampleTest" name="testMainValidFile" time="0.007">
    <error message="Setting a Security Manager is not supported" type="java.lang.UnsupportedOperationException">java.lang.UnsupportedOperationException: Setting a Security Manager is not supported
	at java.base/java.lang.System.setSecurityManager(System.java:286)
	at forest.ExampleTest.setUp(Unknown Source)
	at java.base/jdk.internal.reflect.DirectMethodHandleAccessor.invoke(DirectMethodHandleAccessor.java:104)
</error>
    <error message="Setting a Security Manager is not supported" type="java.lang.UnsupportedOperationException">java.lang.UnsupportedOperationException: Setting a Security Manager is not supported
	at java.base/java.lang.System.setSecurityManager(System.java:286)
	at forest.ExampleTest.tearDown(Unknown Source)
	at java.base/jdk.internal.reflect.DirectMethodHandleAccessor.invoke(DirectMethodHandleAccessor.java:104)
</error>
  </testcase>
  <testcase classname="forest.ExampleTest" name="testPrivateConstructor" time="0.017">
    <error message="Setting a Security Manager is not supported" type="java.lang.UnsupportedOperationException">java.lang.UnsupportedOperationException: Setting a Security Manager is not supported
	at java.base/java.lang.System.setSecurityManager(System.java:286)
	at forest.ExampleTest.setUp(Unknown Source)
	at java.base/jdk.internal.reflect.DirectMethodHandleAccessor.invoke(DirectMethodHandleAccessor.java:104)
</error>
    <error message="Setting a Security Manager is not supported" type="java.lang.UnsupportedOperationException">java.lang.UnsupportedOperationException: Setting a Security Manager is not supported
	at java.base/java.lang.System.setSecurityManager(System.java:286)
	at forest.ExampleTest.tearDown(Unknown Source)
	at java.base/jdk.internal.reflect.DirectMethodHandleAccessor.invoke(DirectMethodHandleAccessor.java:104)
</error>
  </testcase>
  <testcase classname="forest.ExampleTest" name="testMainFileDoesNotExist" time="0.005">
    <error message="Setting a Security Manager is not supported" type="java.lang.UnsupportedOperationException">java.lang.UnsupportedOperationException: Setting a Security Manager is not supported
	at java.base/java.lang.System.setSecurityManager(System.java:286)
	at forest.ExampleTest.setUp(Unknown Source)
	at java.base/jdk.internal.reflect.DirectMethodHandleAccessor.invoke(DirectMethodHandleAccessor.java:104)
</error>
    <error message="Setting a Security Manager is not supported" type="java.lang.UnsupportedOperationException">java.lang.UnsupportedOperationException: Setting a Security Manager is not supported
	at java.base/java.lang.System.setSecurityManager(System.java:286)
	at forest.ExampleTest.tearDown(Unknown Source)
	at java.base/jdk.internal.reflect.DirectMethodHandleAccessor.invoke(DirectMethodHandleAccessor.java:104)
</error>
  </testcase>
  <system-out><![CDATA[]]></system-out>
  <system-err><![CDATA[]]></system-err>
</testsuite>
