<?xml version="1.0" encoding="UTF-8" ?>
<testsuites>
  <testsuite errors="0" failures="1" hostname="tampnend.local" id="0" name="BranchTest" package="forest" skipped="0" tests="5" time="5.011" timestamp="2025-07-26T15:41:21">
      <properties>
[...]
</properties>

      <testcase classname="forest.BranchTest" name="testDrawMethod" time="2.173" />

      <testcase classname="forest.BranchTest" name="testStartMethod" time="0.014" />

      <testcase classname="forest.BranchTest" name="testConstructor" time="0.009" />

      <testcase classname="forest.BranchTest" name="testToStringMethod" time="0.046">
          <failure message="toString() メソッドが期待される文字列を返すこと expected:&lt;forest.Branch[start=[Node[StartNode],end=Node[EndNode]]]&gt; but was:&lt;forest.Branch[start=[startNode,end=endNode]]&gt;" type="junit.framework.AssertionFailedError">junit.framework.AssertionFailedError: toString() メソッドが期待される文字列を返すこと expected:&lt;forest.Branch[start=[Node[StartNode],end=Node[EndNode]]]&gt; but was:&lt;forest.Branch[start=[startNode,end=endNode]]&gt;
	at forest.BranchTest.testToStringMethod(Unknown Source)
	at java.base/jdk.internal.reflect.DirectMethodHandleAccessor.invoke(DirectMethodHandleAccessor.java:104)
	at org.mockito.internal.runners.DefaultInternalRunner$1$1.evaluate(DefaultInternalRunner.java:55)
	at org.mockito.internal.runners.DefaultInternalRunner$1.run(DefaultInternalRunner.java:100)
	at org.mockito.internal.runners.DefaultInternalRunner.run(DefaultInternalRunner.java:107)
	at org.mockito.internal.runners.StrictRunner.run(StrictRunner.java:42)
	at org.mockito.junit.MockitoJUnitRunner.run(MockitoJUnitRunner.java:163)
</failure>

      </testcase>

      <testcase classname="forest.BranchTest" name="testEndMethod" time="0.007" />

      <system-out><![CDATA[]]></system-out>

      <system-err><![CDATA[Mockito is currently self-attaching to enable the inline-mock-maker. This will no longer work in future releases of the JDK. Please add Mockito as an agent to your build as described in Mockito's documentation: https://javadoc.io/doc/org.mockito/mockito-core/latest/org.mockito/org/mockito/Mockito.html#0.3
WARNING: A Java agent has been loaded dynamically (/Users/tamp/Desktop/Forest_Develop/forest/Forest_Program/lib/byte-buddy-agent-1.17.6.jar)
WARNING: If a serviceability tool is in use, please run with -XX:+EnableDynamicAgentLoading to hide this warning
WARNING: If a serviceability tool is not in use, please run with -Djdk.instrument.traceUsage for more information
WARNING: Dynamic loading of agents will be disallowed by default in a future release
]]></system-err>

  </testsuite>
  <testsuite errors="0" failures="1" hostname="tampnend.local" id="1" name="ConstantsTest" package="forest" skipped="0" tests="13" time="0.403" timestamp="2025-07-26T15:41:27">
      <properties>
[...]
</properties>

      <testcase classname="forest.ConstantsTest" name="testTagOfNodes" time="0.005" />

      <testcase classname="forest.ConstantsTest" name="testTagOfTrees" time="0.0" />

      <testcase classname="forest.ConstantsTest" name="testDefaultFont" time="0.035" />

      <testcase classname="forest.ConstantsTest" name="testTagOfBranches" time="0.001" />

      <testcase classname="forest.ConstantsTest" name="testForegroundColor" time="0.001" />

      <testcase classname="forest.ConstantsTest" name="testUnKnown" time="0.001" />

      <testcase classname="forest.ConstantsTest" name="testVisited" time="0.001" />

      <testcase classname="forest.ConstantsTest" name="testUnVisited" time="0.002" />

      <testcase classname="forest.ConstantsTest" name="testSleepTick" time="0.001" />

      <testcase classname="forest.ConstantsTest" name="testPrivateConstructor" time="0.022">
          <failure message="Constants クラスのコンストラクタはプライベートであるべき" type="junit.framework.AssertionFailedError">junit.framework.AssertionFailedError: Constants クラスのコンストラクタはプライベートであるべき
	at forest.ConstantsTest.testPrivateConstructor(Unknown Source)
	at java.base/jdk.internal.reflect.DirectMethodHandleAccessor.invoke(DirectMethodHandleAccessor.java:104)
</failure>

      </testcase>

      <testcase classname="forest.ConstantsTest" name="testBackgroundColor" time="0.001" />

      <testcase classname="forest.ConstantsTest" name="testInterval" time="0.0" />

      <testcase classname="forest.ConstantsTest" name="testMargin" time="0.001" />

      <system-out><![CDATA[]]></system-out>

      <system-err><![CDATA[]]></system-err>

  </testsuite>
  <testsuite errors="8" failures="0" hostname="tampnend.local" id="2" name="ExampleTest" package="forest" skipped="0" tests="4" time="0.426" timestamp="2025-07-26T15:41:28">
      <properties>
[...]
</properties>

      <testcase classname="forest.ExampleTest" name="testMainTooFewArguments" time="0.104">
          <error message="Setting a Security Manager is not supported" type="java.lang.UnsupportedOperationException">java.lang.UnsupportedOperationException: Setting a Security Manager is not supported
	at java.base/java.lang.System.setSecurityManager(System.java:286)
	at forest.ExampleTest.setUp(Unknown Source)
	at java.base/jdk.internal.reflect.DirectMethodHandleAccessor.invoke(DirectMethodHandleAccessor.java:104)
</error>

          <error message="Setting a Security Manager is not supported" type="java.lang.UnsupportedOperationException">java.lang.UnsupportedOperationException: Setting a Security Manager is not supported
	at java.base/java.lang.System.setSecurityManager(System.java:286)
	at forest.ExampleTest.tearDown(Unknown Source)
	at java.base/jdk.internal.reflect.DirectMethodHandleAccessor.invoke(DirectMethodHandleAccessor.java:104)
</error>

      </testcase>

      <testcase classname="forest.ExampleTest" name="testMainValidFile" time="0.008">
          <error message="Setting a Security Manager is not supported" type="java.lang.UnsupportedOperationException">java.lang.UnsupportedOperationException: Setting a Security Manager is not supported
	at java.base/java.lang.System.setSecurityManager(System.java:286)
	at forest.ExampleTest.setUp(Unknown Source)
	at java.base/jdk.internal.reflect.DirectMethodHandleAccessor.invoke(DirectMethodHandleAccessor.java:104)
</error>

          <error message="Setting a Security Manager is not supported" type="java.lang.UnsupportedOperationException">java.lang.UnsupportedOperationException: Setting a Security Manager is not supported
	at java.base/java.lang.System.setSecurityManager(System.java:286)
	at forest.ExampleTest.tearDown(Unknown Source)
	at java.base/jdk.internal.reflect.DirectMethodHandleAccessor.invoke(DirectMethodHandleAccessor.java:104)
</error>

      </testcase>

      <testcase classname="forest.ExampleTest" name="testPrivateConstructor" time="0.01">
          <error message="Setting a Security Manager is not supported" type="java.lang.UnsupportedOperationException">java.lang.UnsupportedOperationException: Setting a Security Manager is not supported
	at java.base/java.lang.System.setSecurityManager(System.java:286)
	at forest.ExampleTest.setUp(Unknown Source)
	at java.base/jdk.internal.reflect.DirectMethodHandleAccessor.invoke(DirectMethodHandleAccessor.java:104)
</error>

          <error message="Setting a Security Manager is not supported" type="java.lang.UnsupportedOperationException">java.lang.UnsupportedOperationException: Setting a Security Manager is not supported
	at java.base/java.lang.System.setSecurityManager(System.java:286)
	at forest.ExampleTest.tearDown(Unknown Source)
	at java.base/jdk.internal.reflect.DirectMethodHandleAccessor.invoke(DirectMethodHandleAccessor.java:104)
</error>

      </testcase>

      <testcase classname="forest.ExampleTest" name="testMainFileDoesNotExist" time="0.009">
          <error message="Setting a Security Manager is not supported" type="java.lang.UnsupportedOperationException">java.lang.UnsupportedOperationException: Setting a Security Manager is not supported
	at java.base/java.lang.System.setSecurityManager(System.java:286)
	at forest.ExampleTest.setUp(Unknown Source)
	at java.base/jdk.internal.reflect.DirectMethodHandleAccessor.invoke(DirectMethodHandleAccessor.java:104)
</error>

          <error message="Setting a Security Manager is not supported" type="java.lang.UnsupportedOperationException">java.lang.UnsupportedOperationException: Setting a Security Manager is not supported
	at java.base/java.lang.System.setSecurityManager(System.java:286)
	at forest.ExampleTest.tearDown(Unknown Source)
	at java.base/jdk.internal.reflect.DirectMethodHandleAccessor.invoke(DirectMethodHandleAccessor.java:104)
</error>

      </testcase>

      <system-out><![CDATA[]]></system-out>

      <system-err><![CDATA[]]></system-err>

  </testsuite>
  <testsuite errors="1" failures="1" hostname="tampnend.local" id="3" name="ForestControllerTest" package="forest" skipped="0" tests="12" time="6.514" timestamp="2025-07-26T15:41:29">
      <properties>
[...]
</properties>

      <testcase classname="forest.ForestControllerTest" name="testMouseReleased" time="4.406" />

      <testcase classname="forest.ForestControllerTest" name="testMousePressed" time="0.015" />

      <testcase classname="forest.ForestControllerTest" name="testToString" time="0.007" />

      <testcase classname="forest.ForestControllerTest" name="testMouseClicked" time="0.058" />

      <testcase classname="forest.ForestControllerTest" name="testMouseClickedWithNullView" time="0.05">
          <failure message="view が null の場合に NullPointerException が発生しました" type="junit.framework.AssertionFailedError">junit.framework.AssertionFailedError: view が null の場合に NullPointerException が発生しました
	at forest.ForestControllerTest.testMouseClickedWithNullView(Unknown Source)
	at java.base/jdk.internal.reflect.DirectMethodHandleAccessor.invoke(DirectMethodHandleAccessor.java:104)
	at org.mockito.internal.runners.DefaultInternalRunner$1$1.evaluate(DefaultInternalRunner.java:55)
	at org.mockito.internal.runners.DefaultInternalRunner$1.run(DefaultInternalRunner.java:100)
	at org.mockito.internal.runners.DefaultInternalRunner.run(DefaultInternalRunner.java:107)
	at org.mockito.internal.runners.StrictRunner.run(StrictRunner.java:42)
	at org.mockito.junit.MockitoJUnitRunner.run(MockitoJUnitRunner.java:163)
</failure>

      </testcase>

      <testcase classname="forest.ForestControllerTest" name="testScrollBy" time="0.1">
          <error message="Cannot read field &quot;x&quot; because &quot;&lt;local5&gt;&quot; is null" type="java.lang.NullPointerException">java.lang.NullPointerException: Cannot read field &quot;x&quot; because &quot;&lt;local5&gt;&quot; is null
	at forest.ForestController.scrollBy(Unknown Source)
	at forest.ForestControllerTest.testScrollBy(Unknown Source)
	at java.base/jdk.internal.reflect.DirectMethodHandleAccessor.invoke(DirectMethodHandleAccessor.java:104)
	at org.mockito.internal.runners.DefaultInternalRunner$1$1.evaluate(DefaultInternalRunner.java:55)
	at org.mockito.internal.runners.DefaultInternalRunner$1.run(DefaultInternalRunner.java:100)
	at org.mockito.internal.runners.DefaultInternalRunner.run(DefaultInternalRunner.java:107)
	at org.mockito.internal.runners.StrictRunner.run(StrictRunner.java:42)
	at org.mockito.junit.MockitoJUnitRunner.run(MockitoJUnitRunner.java:163)
</error>

      </testcase>

      <testcase classname="forest.ForestControllerTest" name="testMouseDragged" time="0.02" />

      <testcase classname="forest.ForestControllerTest" name="testMouseWheelMoved" time="0.02" />

      <testcase classname="forest.ForestControllerTest" name="testSetView" time="0.02" />

      <testcase classname="forest.ForestControllerTest" name="testEmptyMouseMethods" time="0.009" />

      <testcase classname="forest.ForestControllerTest" name="testConstructor" time="0.009" />

      <testcase classname="forest.ForestControllerTest" name="testSetModel" time="0.018" />

      <system-out><![CDATA[]]></system-out>

      <system-err><![CDATA[Mockito is currently self-attaching to enable the inline-mock-maker. This will no longer work in future releases of the JDK. Please add Mockito as an agent to your build as described in Mockito's documentation: https://javadoc.io/doc/org.mockito/mockito-core/latest/org.mockito/org/mockito/Mockito.html#0.3
WARNING: A Java agent has been loaded dynamically (/Users/tamp/Desktop/Forest_Develop/forest/Forest_Program/lib/byte-buddy-agent-1.17.6.jar)
WARNING: If a serviceability tool is in use, please run with -XX:+EnableDynamicAgentLoading to hide this warning
WARNING: If a serviceability tool is not in use, please run with -Djdk.instrument.traceUsage for more information
WARNING: Dynamic loading of agents will be disallowed by default in a future release
]]></system-err>

  </testsuite>
  <testsuite errors="1" failures="1" hostname="tampnend.local" id="4" name="ForestModelTest" package="forest" skipped="0" tests="10" time="6.949" timestamp="2025-07-26T15:41:38">
      <properties>
[...]
</properties>

      <testcase classname="forest.ForestModelTest" name="testAnimate" time="2.036">
          <failure message="&#xa;forestModel.changed();&#xa;Wanted 1 time:&#xa;-&gt; at forest.ForestModel.changed(Unknown Source)&#xa;But was 2 times:&#xa;-&gt; at forest.ForestModel.animate(Unknown Source)&#xa;-&gt; at forest.ForestModel.animate(Unknown Source)&#xa;&#xa;" type="junit.framework.AssertionFailedError">junit.framework.AssertionFailedError: 
forestModel.changed();
Wanted 1 time:
-&gt; at forest.ForestModel.changed(Unknown Source)
But was 2 times:
-&gt; at forest.ForestModel.animate(Unknown Source)
-&gt; at forest.ForestModel.animate(Unknown Source)


	at forest.ForestModel.changed(Unknown Source)
	at forest.ForestModelTest.testAnimate(Unknown Source)
	at java.base/jdk.internal.reflect.DirectMethodHandleAccessor.invoke(DirectMethodHandleAccessor.java:104)
	at org.mockito.internal.runners.DefaultInternalRunner$1$1.evaluate(DefaultInternalRunner.java:55)
	at org.mockito.internal.runners.DefaultInternalRunner$1.run(DefaultInternalRunner.java:100)
	at org.mockito.internal.runners.DefaultInternalRunner.run(DefaultInternalRunner.java:107)
	at org.mockito.internal.runners.StrictRunner.run(StrictRunner.java:42)
	at org.mockito.junit.MockitoJUnitRunner.run(MockitoJUnitRunner.java:163)
</failure>

      </testcase>

      <testcase classname="forest.ForestModelTest" name="testForestAccessor" time="0.024" />

      <testcase classname="forest.ForestModelTest" name="testRead" time="2.739" />

      <testcase classname="forest.ForestModelTest" name="testToString" time="0.023" />

      <testcase classname="forest.ForestModelTest" name="testPicture" time="0.01" />

      <testcase classname="forest.ForestModelTest" name="testConstructorInitialization" time="0.011" />

      <testcase classname="forest.ForestModelTest" name="testArrangeNoArgs" time="0.007" />

      <testcase classname="forest.ForestModelTest" name="testAddAndGetDependents" time="0.003" />

      <testcase classname="forest.ForestModelTest" name="testChanged" time="0.155" />

      <testcase classname="forest.ForestModelTest" name="testRootAndRoots" time="0.113">
          <error message="Index 0 out of bounds for length 0" type="java.lang.IndexOutOfBoundsException">java.lang.IndexOutOfBoundsException: Index 0 out of bounds for length 0
	at java.base/jdk.internal.util.Preconditions.outOfBounds(Preconditions.java:100)
	at java.base/jdk.internal.util.Preconditions.outOfBoundsCheckIndex(Preconditions.java:106)
	at java.base/jdk.internal.util.Preconditions.checkIndex(Preconditions.java:302)
	at java.base/java.util.Objects.checkIndex(Objects.java:365)
	at java.base/java.util.ArrayList.get(ArrayList.java:428)
	at forest.ForestModel.root(Unknown Source)
	at forest.ForestModelTest.testRootAndRoots(Unknown Source)
	at java.base/jdk.internal.reflect.DirectMethodHandleAccessor.invoke(DirectMethodHandleAccessor.java:104)
	at org.mockito.internal.runners.DefaultInternalRunner$1$1.evaluate(DefaultInternalRunner.java:55)
	at org.mockito.internal.runners.DefaultInternalRunner$1.run(DefaultInternalRunner.java:100)
	at org.mockito.internal.runners.DefaultInternalRunner.run(DefaultInternalRunner.java:107)
	at org.mockito.internal.runners.StrictRunner.run(StrictRunner.java:42)
	at org.mockito.junit.MockitoJUnitRunner.run(MockitoJUnitRunner.java:163)
</error>

      </testcase>

      <system-out><![CDATA[]]></system-out>

      <system-err><![CDATA[Mockito is currently self-attaching to enable the inline-mock-maker. This will no longer work in future releases of the JDK. Please add Mockito as an agent to your build as described in Mockito's documentation: https://javadoc.io/doc/org.mockito/mockito-core/latest/org.mockito/org/mockito/Mockito.html#0.3
WARNING: A Java agent has been loaded dynamically (/Users/tamp/Desktop/Forest_Develop/forest/Forest_Program/lib/byte-buddy-agent-1.17.6.jar)
WARNING: If a serviceability tool is in use, please run with -XX:+EnableDynamicAgentLoading to hide this warning
WARNING: If a serviceability tool is not in use, please run with -Djdk.instrument.traceUsage for more information
WARNING: Dynamic loading of agents will be disallowed by default in a future release
]]></system-err>

  </testsuite>
  <testsuite errors="1" failures="2" hostname="tampnend.local" id="5" name="ForestTest" package="forest" skipped="0" tests="16" time="6.881" timestamp="2025-07-26T15:41:46">
      <properties>
[...]
</properties>

      <testcase classname="forest.ForestTest" name="testFlushBounds" time="1.7" />

      <testcase classname="forest.ForestTest" name="testAddNode" time="0.028" />

      <testcase classname="forest.ForestTest" name="testSubNodes" time="0.024" />

      <testcase classname="forest.ForestTest" name="testDraw" time="0.439" />

      <testcase classname="forest.ForestTest" name="testPropagateWithNullModel" time="1.795" />

      <testcase classname="forest.ForestTest" name="testToString" time="0.073" />

      <testcase classname="forest.ForestTest" name="testArrangeNoModel" time="0.099">
          <error message="Cannot read field &quot;x&quot; because the return value of &quot;forest.Node.getExtent()&quot; is null" type="java.lang.NullPointerException">java.lang.NullPointerException: Cannot read field &quot;x&quot; because the return value of &quot;forest.Node.getExtent()&quot; is null
	at forest.Forest.arrange(Unknown Source)
	at forest.Forest.lambda$arrange$1(Unknown Source)
	at java.base/java.util.ArrayList.forEach(ArrayList.java:1604)
	at forest.Forest.arrange(Unknown Source)
	at forest.Forest.arrange(Unknown Source)
	at forest.ForestTest.testArrangeNoModel(Unknown Source)
	at java.base/jdk.internal.reflect.DirectMethodHandleAccessor.invoke(DirectMethodHandleAccessor.java:104)
	at org.mockito.internal.runners.DefaultInternalRunner$1$1.evaluate(DefaultInternalRunner.java:55)
	at org.mockito.internal.runners.DefaultInternalRunner$1.run(DefaultInternalRunner.java:100)
	at org.mockito.internal.runners.DefaultInternalRunner.run(DefaultInternalRunner.java:107)
	at org.mockito.internal.runners.StrictRunner.run(StrictRunner.java:42)
	at org.mockito.junit.MockitoJUnitRunner.run(MockitoJUnitRunner.java:163)
</error>

      </testcase>

      <testcase classname="forest.ForestTest" name="testRootNodes" time="0.02" />

      <testcase classname="forest.ForestTest" name="testPropagate" time="0.334">
          <failure message="&#xa;forestModel.changed();&#xa;Wanted 1 time:&#xa;-&gt; at forest.ForestModel.changed(Unknown Source)&#xa;But was 7 times:&#xa;-&gt; at forest.Forest.lambda$propagate$2(Unknown Source)&#xa;-&gt; at forest.ForestTest.lambda$testPropagate$1(Unknown Source)&#xa;-&gt; at forest.ForestTest.lambda$testPropagate$1(Unknown Source)&#xa;-&gt; at forest.ForestTest.lambda$testPropagate$1(Unknown Source)&#xa;-&gt; at forest.ForestTest.lambda$testPropagate$1(Unknown Source)&#xa;-&gt; at forest.ForestTest.lambda$testPropagate$1(Unknown Source)&#xa;-&gt; at forest.ForestTest.lambda$testPropagate$1(Unknown Source)&#xa;&#xa;" type="junit.framework.AssertionFailedError">junit.framework.AssertionFailedError: 
forestModel.changed();
Wanted 1 time:
-&gt; at forest.ForestModel.changed(Unknown Source)
But was 7 times:
-&gt; at forest.Forest.lambda$propagate$2(Unknown Source)
-&gt; at forest.ForestTest.lambda$testPropagate$1(Unknown Source)
-&gt; at forest.ForestTest.lambda$testPropagate$1(Unknown Source)
-&gt; at forest.ForestTest.lambda$testPropagate$1(Unknown Source)
-&gt; at forest.ForestTest.lambda$testPropagate$1(Unknown Source)
-&gt; at forest.ForestTest.lambda$testPropagate$1(Unknown Source)
-&gt; at forest.ForestTest.lambda$testPropagate$1(Unknown Source)


	at forest.ForestModel.changed(Unknown Source)
	at forest.ForestTest.testPropagate(Unknown Source)
	at java.base/jdk.internal.reflect.DirectMethodHandleAccessor.invoke(DirectMethodHandleAccessor.java:104)
	at org.mockito.internal.runners.DefaultInternalRunner$1$1.evaluate(DefaultInternalRunner.java:55)
	at org.mockito.internal.runners.DefaultInternalRunner$1.run(DefaultInternalRunner.java:100)
	at org.mockito.internal.runners.DefaultInternalRunner.run(DefaultInternalRunner.java:107)
	at org.mockito.internal.runners.StrictRunner.run(StrictRunner.java:42)
	at org.mockito.junit.MockitoJUnitRunner.run(MockitoJUnitRunner.java:163)
</failure>

      </testcase>

      <testcase classname="forest.ForestTest" name="testAddBranch" time="0.023" />

      <testcase classname="forest.ForestTest" name="testWhichOfNodes" time="0.034" />

      <testcase classname="forest.ForestTest" name="testSortNodes" time="0.024" />

      <testcase classname="forest.ForestTest" name="testBounds" time="0.016" />

      <testcase classname="forest.ForestTest" name="testSuperNodes" time="0.021" />

      <testcase classname="forest.ForestTest" name="testArrangeRecursiveLogic" time="0.281">
          <failure message="&#xa;Wanted but not invoked:&#xa;mockNodeB.setStatus(1);&#xa;-&gt; at forest.Node.setStatus(Unknown Source)&#xa;&#xa;However, there were exactly 6 interactions with this mock:&#xa;mockNodeB.getStatus();&#xa;-&gt; at forest.Forest.lambda$arrange$3(Unknown Source)&#xa;&#xa;mockNodeB.setLocation(&#xa;    java.awt.Point[x=75,y=0]&#xa;);&#xa;-&gt; at forest.Forest.lambda$arrange$4(Unknown Source)&#xa;&#xa;mockNodeB.getStatus();&#xa;-&gt; at forest.Forest.arrange(Unknown Source)&#xa;&#xa;mockNodeB.getLocation();&#xa;-&gt; at forest.Forest.lambda$arrange$4(Unknown Source)&#xa;&#xa;mockNodeB.getExtent();&#xa;-&gt; at forest.Forest.lambda$arrange$4(Unknown Source)&#xa;&#xa;mockNodeB.getLocation();&#xa;-&gt; at forest.Forest.lambda$arrange$8(Unknown Source)&#xa;&#xa;" type="junit.framework.AssertionFailedError">junit.framework.AssertionFailedError: 
Wanted but not invoked:
mockNodeB.setStatus(1);
-&gt; at forest.Node.setStatus(Unknown Source)

However, there were exactly 6 interactions with this mock:
mockNodeB.getStatus();
-&gt; at forest.Forest.lambda$arrange$3(Unknown Source)

mockNodeB.setLocation(
    java.awt.Point[x=75,y=0]
);
-&gt; at forest.Forest.lambda$arrange$4(Unknown Source)

mockNodeB.getStatus();
-&gt; at forest.Forest.arrange(Unknown Source)

mockNodeB.getLocation();
-&gt; at forest.Forest.lambda$arrange$4(Unknown Source)

mockNodeB.getExtent();
-&gt; at forest.Forest.lambda$arrange$4(Unknown Source)

mockNodeB.getLocation();
-&gt; at forest.Forest.lambda$arrange$8(Unknown Source)


	at forest.Node.setStatus(Unknown Source)
	at forest.ForestTest.testArrangeRecursiveLogic(Unknown Source)
	at java.base/jdk.internal.reflect.DirectMethodHandleAccessor.invoke(DirectMethodHandleAccessor.java:104)
	at org.mockito.internal.runners.DefaultInternalRunner$1$1.evaluate(DefaultInternalRunner.java:55)
	at org.mockito.internal.runners.DefaultInternalRunner$1.run(DefaultInternalRunner.java:100)
	at org.mockito.internal.runners.DefaultInternalRunner.run(DefaultInternalRunner.java:107)
	at org.mockito.internal.runners.StrictRunner.run(StrictRunner.java:42)
	at org.mockito.junit.MockitoJUnitRunner.run(MockitoJUnitRunner.java:163)
</failure>

      </testcase>

      <testcase classname="forest.ForestTest" name="testConstructor" time="0.025" />

      <system-out><![CDATA[]]></system-out>

      <system-err><![CDATA[Mockito is currently self-attaching to enable the inline-mock-maker. This will no longer work in future releases of the JDK. Please add Mockito as an agent to your build as described in Mockito's documentation: https://javadoc.io/doc/org.mockito/mockito-core/latest/org.mockito/org/mockito/Mockito.html#0.3
WARNING: A Java agent has been loaded dynamically (/Users/tamp/Desktop/Forest_Develop/forest/Forest_Program/lib/byte-buddy-agent-1.17.6.jar)
WARNING: If a serviceability tool is in use, please run with -XX:+EnableDynamicAgentLoading to hide this warning
WARNING: If a serviceability tool is not in use, please run with -Djdk.instrument.traceUsage for more information
WARNING: Dynamic loading of agents will be disallowed by default in a future release
Exception in thread "AWT-EventQueue-0" java.lang.NullPointerException: Cannot invoke "forest.ForestModel.changed()" because "<parameter1>" is null
	at forest.Forest.lambda$propagate$2(Unknown Source)
	at java.desktop/java.awt.event.InvocationEvent.dispatch(InvocationEvent.java:318)
	at java.desktop/java.awt.EventQueue.dispatchEventImpl(EventQueue.java:723)
	at java.desktop/java.awt.EventQueue.dispatchEvent(EventQueue.java:702)
	at java.desktop/java.awt.EventDispatchThread.pumpOneEventForFilters(EventDispatchThread.java:203)
	at java.desktop/java.awt.EventDispatchThread.pumpEventsForFilter(EventDispatchThread.java:124)
	at java.desktop/java.awt.EventDispatchThread.pumpEventsForHierarchy(EventDispatchThread.java:113)
	at java.desktop/java.awt.EventDispatchThread.pumpEvents(EventDispatchThread.java:109)
	at java.desktop/java.awt.EventDispatchThread.pumpEvents(EventDispatchThread.java:101)
	at java.desktop/java.awt.EventDispatchThread.run(EventDispatchThread.java:90)
]]></system-err>

  </testsuite>
  <testsuite errors="8" failures="0" hostname="tampnend.local" id="6" name="ForestViewTest" package="forest" skipped="0" tests="8" time="4.928" timestamp="2025-07-26T15:41:55">
      <properties>
[...]
</properties>

      <testcase classname="forest.ForestViewTest" name="testToString" time="2.932">
          <error message="&#xa;Argument passed to verify() is of type ForestView and is not a mock!&#xa;Make sure you place the parenthesis correctly!&#xa;See the examples of correct verifications:&#xa;    verify(mock).someMethod();&#xa;    verify(mock, times(10)).someMethod();&#xa;    verify(mock, atLeastOnce()).someMethod();" type="org.mockito.exceptions.misusing.NotAMockException">org.mockito.exceptions.misusing.NotAMockException: 
Argument passed to verify() is of type ForestView and is not a mock!
Make sure you place the parenthesis correctly!
See the examples of correct verifications:
    verify(mock).someMethod();
    verify(mock, times(10)).someMethod();
    verify(mock, atLeastOnce()).someMethod();
	at forest.ForestViewTest.setUp(Unknown Source)
	at java.base/jdk.internal.reflect.DirectMethodHandleAccessor.invoke(DirectMethodHandleAccessor.java:104)
	at org.mockito.internal.runners.DefaultInternalRunner$1$1.evaluate(DefaultInternalRunner.java:55)
	at org.mockito.internal.runners.DefaultInternalRunner$1.run(DefaultInternalRunner.java:100)
	at org.mockito.internal.runners.DefaultInternalRunner.run(DefaultInternalRunner.java:107)
	at org.mockito.internal.runners.StrictRunner.run(StrictRunner.java:42)
	at org.mockito.junit.MockitoJUnitRunner.run(MockitoJUnitRunner.java:163)
</error>

      </testcase>

      <testcase classname="forest.ForestViewTest" name="testPaintComponent" time="0.021">
          <error message="&#xa;Argument passed to verify() is of type ForestView and is not a mock!&#xa;Make sure you place the parenthesis correctly!&#xa;See the examples of correct verifications:&#xa;    verify(mock).someMethod();&#xa;    verify(mock, times(10)).someMethod();&#xa;    verify(mock, atLeastOnce()).someMethod();" type="org.mockito.exceptions.misusing.NotAMockException">org.mockito.exceptions.misusing.NotAMockException: 
Argument passed to verify() is of type ForestView and is not a mock!
Make sure you place the parenthesis correctly!
See the examples of correct verifications:
    verify(mock).someMethod();
    verify(mock, times(10)).someMethod();
    verify(mock, atLeastOnce()).someMethod();
	at forest.ForestViewTest.setUp(Unknown Source)
	at java.base/jdk.internal.reflect.DirectMethodHandleAccessor.invoke(DirectMethodHandleAccessor.java:104)
	at org.mockito.internal.runners.DefaultInternalRunner$1$1.evaluate(DefaultInternalRunner.java:55)
	at org.mockito.internal.runners.DefaultInternalRunner$1.run(DefaultInternalRunner.java:100)
	at org.mockito.internal.runners.DefaultInternalRunner.run(DefaultInternalRunner.java:107)
	at org.mockito.internal.runners.StrictRunner.run(StrictRunner.java:42)
	at org.mockito.junit.MockitoJUnitRunner.run(MockitoJUnitRunner.java:163)
</error>

      </testcase>

      <testcase classname="forest.ForestViewTest" name="testScrollAmount" time="0.033">
          <error message="&#xa;Argument passed to verify() is of type ForestView and is not a mock!&#xa;Make sure you place the parenthesis correctly!&#xa;See the examples of correct verifications:&#xa;    verify(mock).someMethod();&#xa;    verify(mock, times(10)).someMethod();&#xa;    verify(mock, atLeastOnce()).someMethod();" type="org.mockito.exceptions.misusing.NotAMockException">org.mockito.exceptions.misusing.NotAMockException: 
Argument passed to verify() is of type ForestView and is not a mock!
Make sure you place the parenthesis correctly!
See the examples of correct verifications:
    verify(mock).someMethod();
    verify(mock, times(10)).someMethod();
    verify(mock, atLeastOnce()).someMethod();
	at forest.ForestViewTest.setUp(Unknown Source)
	at java.base/jdk.internal.reflect.DirectMethodHandleAccessor.invoke(DirectMethodHandleAccessor.java:104)
	at org.mockito.internal.runners.DefaultInternalRunner$1$1.evaluate(DefaultInternalRunner.java:55)
	at org.mockito.internal.runners.DefaultInternalRunner$1.run(DefaultInternalRunner.java:100)
	at org.mockito.internal.runners.DefaultInternalRunner.run(DefaultInternalRunner.java:107)
	at org.mockito.internal.runners.StrictRunner.run(StrictRunner.java:42)
	at org.mockito.junit.MockitoJUnitRunner.run(MockitoJUnitRunner.java:163)
</error>

      </testcase>

      <testcase classname="forest.ForestViewTest" name="testConstructorInitialization" time="0.02">
          <error message="&#xa;Argument passed to verify() is of type ForestView and is not a mock!&#xa;Make sure you place the parenthesis correctly!&#xa;See the examples of correct verifications:&#xa;    verify(mock).someMethod();&#xa;    verify(mock, times(10)).someMethod();&#xa;    verify(mock, atLeastOnce()).someMethod();" type="org.mockito.exceptions.misusing.NotAMockException">org.mockito.exceptions.misusing.NotAMockException: 
Argument passed to verify() is of type ForestView and is not a mock!
Make sure you place the parenthesis correctly!
See the examples of correct verifications:
    verify(mock).someMethod();
    verify(mock, times(10)).someMethod();
    verify(mock, atLeastOnce()).someMethod();
	at forest.ForestViewTest.setUp(Unknown Source)
	at java.base/jdk.internal.reflect.DirectMethodHandleAccessor.invoke(DirectMethodHandleAccessor.java:104)
	at org.mockito.internal.runners.DefaultInternalRunner$1$1.evaluate(DefaultInternalRunner.java:55)
	at org.mockito.internal.runners.DefaultInternalRunner$1.run(DefaultInternalRunner.java:100)
	at org.mockito.internal.runners.DefaultInternalRunner.run(DefaultInternalRunner.java:107)
	at org.mockito.internal.runners.StrictRunner.run(StrictRunner.java:42)
	at org.mockito.junit.MockitoJUnitRunner.run(MockitoJUnitRunner.java:163)
</error>

      </testcase>

      <testcase classname="forest.ForestViewTest" name="testWhichOfNodes" time="0.01">
          <error message="&#xa;Argument passed to verify() is of type ForestView and is not a mock!&#xa;Make sure you place the parenthesis correctly!&#xa;See the examples of correct verifications:&#xa;    verify(mock).someMethod();&#xa;    verify(mock, times(10)).someMethod();&#xa;    verify(mock, atLeastOnce()).someMethod();" type="org.mockito.exceptions.misusing.NotAMockException">org.mockito.exceptions.misusing.NotAMockException: 
Argument passed to verify() is of type ForestView and is not a mock!
Make sure you place the parenthesis correctly!
See the examples of correct verifications:
    verify(mock).someMethod();
    verify(mock, times(10)).someMethod();
    verify(mock, atLeastOnce()).someMethod();
	at forest.ForestViewTest.setUp(Unknown Source)
	at java.base/jdk.internal.reflect.DirectMethodHandleAccessor.invoke(DirectMethodHandleAccessor.java:104)
	at org.mockito.internal.runners.DefaultInternalRunner$1$1.evaluate(DefaultInternalRunner.java:55)
	at org.mockito.internal.runners.DefaultInternalRunner$1.run(DefaultInternalRunner.java:100)
	at org.mockito.internal.runners.DefaultInternalRunner.run(DefaultInternalRunner.java:107)
	at org.mockito.internal.runners.StrictRunner.run(StrictRunner.java:42)
	at org.mockito.junit.MockitoJUnitRunner.run(MockitoJUnitRunner.java:163)
</error>

      </testcase>

      <testcase classname="forest.ForestViewTest" name="testScrollBy" time="0.021">
          <error message="&#xa;Argument passed to verify() is of type ForestView and is not a mock!&#xa;Make sure you place the parenthesis correctly!&#xa;See the examples of correct verifications:&#xa;    verify(mock).someMethod();&#xa;    verify(mock, times(10)).someMethod();&#xa;    verify(mock, atLeastOnce()).someMethod();" type="org.mockito.exceptions.misusing.NotAMockException">org.mockito.exceptions.misusing.NotAMockException: 
Argument passed to verify() is of type ForestView and is not a mock!
Make sure you place the parenthesis correctly!
See the examples of correct verifications:
    verify(mock).someMethod();
    verify(mock, times(10)).someMethod();
    verify(mock, atLeastOnce()).someMethod();
	at forest.ForestViewTest.setUp(Unknown Source)
	at java.base/jdk.internal.reflect.DirectMethodHandleAccessor.invoke(DirectMethodHandleAccessor.java:104)
	at org.mockito.internal.runners.DefaultInternalRunner$1$1.evaluate(DefaultInternalRunner.java:55)
	at org.mockito.internal.runners.DefaultInternalRunner$1.run(DefaultInternalRunner.java:100)
	at org.mockito.internal.runners.DefaultInternalRunner.run(DefaultInternalRunner.java:107)
	at org.mockito.internal.runners.StrictRunner.run(StrictRunner.java:42)
	at org.mockito.junit.MockitoJUnitRunner.run(MockitoJUnitRunner.java:163)
</error>

      </testcase>

      <testcase classname="forest.ForestViewTest" name="testScrollTo" time="0.031">
          <error message="&#xa;Argument passed to verify() is of type ForestView and is not a mock!&#xa;Make sure you place the parenthesis correctly!&#xa;See the examples of correct verifications:&#xa;    verify(mock).someMethod();&#xa;    verify(mock, times(10)).someMethod();&#xa;    verify(mock, atLeastOnce()).someMethod();" type="org.mockito.exceptions.misusing.NotAMockException">org.mockito.exceptions.misusing.NotAMockException: 
Argument passed to verify() is of type ForestView and is not a mock!
Make sure you place the parenthesis correctly!
See the examples of correct verifications:
    verify(mock).someMethod();
    verify(mock, times(10)).someMethod();
    verify(mock, atLeastOnce()).someMethod();
	at forest.ForestViewTest.setUp(Unknown Source)
	at java.base/jdk.internal.reflect.DirectMethodHandleAccessor.invoke(DirectMethodHandleAccessor.java:104)
	at org.mockito.internal.runners.DefaultInternalRunner$1$1.evaluate(DefaultInternalRunner.java:55)
	at org.mockito.internal.runners.DefaultInternalRunner$1.run(DefaultInternalRunner.java:100)
	at org.mockito.internal.runners.DefaultInternalRunner.run(DefaultInternalRunner.java:107)
	at org.mockito.internal.runners.StrictRunner.run(StrictRunner.java:42)
	at org.mockito.junit.MockitoJUnitRunner.run(MockitoJUnitRunner.java:163)
</error>

      </testcase>

      <testcase classname="forest.ForestViewTest" name="testUpdate" time="0.013">
          <error message="&#xa;Argument passed to verify() is of type ForestView and is not a mock!&#xa;Make sure you place the parenthesis correctly!&#xa;See the examples of correct verifications:&#xa;    verify(mock).someMethod();&#xa;    verify(mock, times(10)).someMethod();&#xa;    verify(mock, atLeastOnce()).someMethod();" type="org.mockito.exceptions.misusing.NotAMockException">org.mockito.exceptions.misusing.NotAMockException: 
Argument passed to verify() is of type ForestView and is not a mock!
Make sure you place the parenthesis correctly!
See the examples of correct verifications:
    verify(mock).someMethod();
    verify(mock, times(10)).someMethod();
    verify(mock, atLeastOnce()).someMethod();
	at forest.ForestViewTest.setUp(Unknown Source)
	at java.base/jdk.internal.reflect.DirectMethodHandleAccessor.invoke(DirectMethodHandleAccessor.java:104)
	at org.mockito.internal.runners.DefaultInternalRunner$1$1.evaluate(DefaultInternalRunner.java:55)
	at org.mockito.internal.runners.DefaultInternalRunner$1.run(DefaultInternalRunner.java:100)
	at org.mockito.internal.runners.DefaultInternalRunner.run(DefaultInternalRunner.java:107)
	at org.mockito.internal.runners.StrictRunner.run(StrictRunner.java:42)
	at org.mockito.junit.MockitoJUnitRunner.run(MockitoJUnitRunner.java:163)
</error>

      </testcase>

      <system-out><![CDATA[]]></system-out>

      <system-err><![CDATA[Mockito is currently self-attaching to enable the inline-mock-maker. This will no longer work in future releases of the JDK. Please add Mockito as an agent to your build as described in Mockito's documentation: https://javadoc.io/doc/org.mockito/mockito-core/latest/org.mockito/org/mockito/Mockito.html#0.3
WARNING: A Java agent has been loaded dynamically (/Users/tamp/Desktop/Forest_Develop/forest/Forest_Program/lib/byte-buddy-agent-1.17.6.jar)
WARNING: If a serviceability tool is in use, please run with -XX:+EnableDynamicAgentLoading to hide this warning
WARNING: If a serviceability tool is not in use, please run with -Djdk.instrument.traceUsage for more information
WARNING: Dynamic loading of agents will be disallowed by default in a future release
]]></system-err>

  </testsuite>
  <testsuite errors="0" failures="0" hostname="tampnend.local" id="7" name="NodeTest" package="forest" skipped="0" tests="10" time="5.062" timestamp="2025-07-26T15:42:01">
      <properties>
[...]
</properties>

      <testcase classname="forest.NodeTest" name="testDraw" time="3.176" />

      <testcase classname="forest.NodeTest" name="testToString" time="0.006" />

      <testcase classname="forest.NodeTest" name="testGetAndSetLocation" time="0.002" />

      <testcase classname="forest.NodeTest" name="testGetAndSetName" time="0.001" />

      <testcase classname="forest.NodeTest" name="testGetAndSetExtent" time="0.002" />

      <testcase classname="forest.NodeTest" name="testStringHeight" time="0.001" />

      <testcase classname="forest.NodeTest" name="testGetBounds" time="0.001" />

      <testcase classname="forest.NodeTest" name="testGetAndSetStatus" time="0.001" />

      <testcase classname="forest.NodeTest" name="testConstructor" time="0.001" />

      <testcase classname="forest.NodeTest" name="testStringWidth" time="0.002" />

      <system-out><![CDATA[]]></system-out>

      <system-err><![CDATA[Mockito is currently self-attaching to enable the inline-mock-maker. This will no longer work in future releases of the JDK. Please add Mockito as an agent to your build as described in Mockito's documentation: https://javadoc.io/doc/org.mockito/mockito-core/latest/org.mockito/org/mockito/Mockito.html#0.3
WARNING: A Java agent has been loaded dynamically (/Users/tamp/Desktop/Forest_Develop/forest/Forest_Program/lib/byte-buddy-agent-1.17.6.jar)
WARNING: If a serviceability tool is in use, please run with -XX:+EnableDynamicAgentLoading to hide this warning
WARNING: If a serviceability tool is not in use, please run with -Djdk.instrument.traceUsage for more information
WARNING: Dynamic loading of agents will be disallowed by default in a future release
]]></system-err>

  </testsuite>
</testsuites>
