<?xml version="1.0" encoding="UTF-8" ?>
<testsuite errors="1" failures="1" hostname="tampnend.local" name="forest.ForestModelTest" skipped="0" tests="10" time="6.949" timestamp="2025-07-26T15:41:38">
  <properties>
[...]
</properties>
  <testcase classname="forest.ForestModelTest" name="testAnimate" time="2.036">
    <failure message="&#xa;forestModel.changed();&#xa;Wanted 1 time:&#xa;-&gt; at forest.ForestModel.changed(Unknown Source)&#xa;But was 2 times:&#xa;-&gt; at forest.ForestModel.animate(Unknown Source)&#xa;-&gt; at forest.ForestModel.animate(Unknown Source)&#xa;&#xa;" type="junit.framework.AssertionFailedError">junit.framework.AssertionFailedError: 
forestModel.changed();
Wanted 1 time:
-&gt; at forest.ForestModel.changed(Unknown Source)
But was 2 times:
-&gt; at forest.ForestModel.animate(Unknown Source)
-&gt; at forest.ForestModel.animate(Unknown Source)


	at forest.ForestModel.changed(Unknown Source)
	at forest.ForestModelTest.testAnimate(Unknown Source)
	at java.base/jdk.internal.reflect.DirectMethodHandleAccessor.invoke(DirectMethodHandleAccessor.java:104)
	at org.mockito.internal.runners.DefaultInternalRunner$1$1.evaluate(DefaultInternalRunner.java:55)
	at org.mockito.internal.runners.DefaultInternalRunner$1.run(DefaultInternalRunner.java:100)
	at org.mockito.internal.runners.DefaultInternalRunner.run(DefaultInternalRunner.java:107)
	at org.mockito.internal.runners.StrictRunner.run(StrictRunner.java:42)
	at org.mockito.junit.MockitoJUnitRunner.run(MockitoJUnitRunner.java:163)
</failure>
  </testcase>
  <testcase classname="forest.ForestModelTest" name="testForestAccessor" time="0.024" />
  <testcase classname="forest.ForestModelTest" name="testRead" time="2.739" />
  <testcase classname="forest.ForestModelTest" name="testToString" time="0.023" />
  <testcase classname="forest.ForestModelTest" name="testPicture" time="0.01" />
  <testcase classname="forest.ForestModelTest" name="testConstructorInitialization" time="0.011" />
  <testcase classname="forest.ForestModelTest" name="testArrangeNoArgs" time="0.007" />
  <testcase classname="forest.ForestModelTest" name="testAddAndGetDependents" time="0.003" />
  <testcase classname="forest.ForestModelTest" name="testChanged" time="0.155" />
  <testcase classname="forest.ForestModelTest" name="testRootAndRoots" time="0.113">
    <error message="Index 0 out of bounds for length 0" type="java.lang.IndexOutOfBoundsException">java.lang.IndexOutOfBoundsException: Index 0 out of bounds for length 0
	at java.base/jdk.internal.util.Preconditions.outOfBounds(Preconditions.java:100)
	at java.base/jdk.internal.util.Preconditions.outOfBoundsCheckIndex(Preconditions.java:106)
	at java.base/jdk.internal.util.Preconditions.checkIndex(Preconditions.java:302)
	at java.base/java.util.Objects.checkIndex(Objects.java:365)
	at java.base/java.util.ArrayList.get(ArrayList.java:428)
	at forest.ForestModel.root(Unknown Source)
	at forest.ForestModelTest.testRootAndRoots(Unknown Source)
	at java.base/jdk.internal.reflect.DirectMethodHandleAccessor.invoke(DirectMethodHandleAccessor.java:104)
	at org.mockito.internal.runners.DefaultInternalRunner$1$1.evaluate(DefaultInternalRunner.java:55)
	at org.mockito.internal.runners.DefaultInternalRunner$1.run(DefaultInternalRunner.java:100)
	at org.mockito.internal.runners.DefaultInternalRunner.run(DefaultInternalRunner.java:107)
	at org.mockito.internal.runners.StrictRunner.run(StrictRunner.java:42)
	at org.mockito.junit.MockitoJUnitRunner.run(MockitoJUnitRunner.java:163)
</error>
  </testcase>
  <system-out><![CDATA[]]></system-out>
  <system-err><![CDATA[Mockito is currently self-attaching to enable the inline-mock-maker. This will no longer work in future releases of the JDK. Please add Mockito as an agent to your build as described in Mockito's documentation: https://javadoc.io/doc/org.mockito/mockito-core/latest/org.mockito/org/mockito/Mockito.html#0.3
WARNING: A Java agent has been loaded dynamically (/Users/tamp/Desktop/Forest_Develop/forest/Forest_Program/lib/byte-buddy-agent-1.17.6.jar)
WARNING: If a serviceability tool is in use, please run with -XX:+EnableDynamicAgentLoading to hide this warning
WARNING: If a serviceability tool is not in use, please run with -Djdk.instrument.traceUsage for more information
WARNING: Dynamic loading of agents will be disallowed by default in a future release
]]></system-err>
</testsuite>
