<?xml version="1.0" encoding="UTF-8" ?>
<testsuite errors="0" failures="0" hostname="tampnend.local" name="forest.ForestViewTest" skipped="0" tests="9" time="6.564" timestamp="2025-07-26T23:21:34">
  <properties>
[...]
</properties>
  <testcase classname="forest.ForestViewTest" name="testConstructorInteractions" time="4.438" />
  <testcase classname="forest.ForestViewTest" name="testToString" time="0.083" />
  <testcase classname="forest.ForestViewTest" name="testPaintComponent" time="0.053" />
  <testcase classname="forest.ForestViewTest" name="testScrollAmount" time="0.013" />
  <testcase classname="forest.ForestViewTest" name="testConstructorInitialization" time="0.008" />
  <testcase classname="forest.ForestViewTest" name="testWhichOfNodes" time="0.047" />
  <testcase classname="forest.ForestViewTest" name="testScrollBy" time="0.005" />
  <testcase classname="forest.ForestViewTest" name="testScrollTo" time="0.014" />
  <testcase classname="forest.ForestViewTest" name="testUpdate" time="0.018" />
  <system-out><![CDATA[]]></system-out>
  <system-err><![CDATA[Mockito is currently self-attaching to enable the inline-mock-maker. This will no longer work in future releases of the JDK. Please add Mockito as an agent to your build as described in Mockito's documentation: https://javadoc.io/doc/org.mockito/mockito-core/latest/org.mockito/org/mockito/Mockito.html#0.3
WARNING: A Java agent has been loaded dynamically (/Users/tamp/Desktop/Forest_Develop/forest/Forest_Program/lib/byte-buddy-agent-1.17.6.jar)
WARNING: If a serviceability tool is in use, please run with -XX:+EnableDynamicAgentLoading to hide this warning
WARNING: If a serviceability tool is not in use, please run with -Djdk.instrument.traceUsage for more information
WARNING: Dynamic loading of agents will be disallowed by default in a future release
]]></system-err>
</testsuite>
