<?xml version="1.0" encoding="UTF-8" ?>
<testsuite errors="0" failures="1" hostname="tampnend.local" name="forest.BranchTest" skipped="0" tests="5" time="5.011" timestamp="2025-07-26T15:41:21">
  <properties>
[...]
</properties>
  <testcase classname="forest.BranchTest" name="testDrawMethod" time="2.173" />
  <testcase classname="forest.BranchTest" name="testStartMethod" time="0.014" />
  <testcase classname="forest.BranchTest" name="testConstructor" time="0.009" />
  <testcase classname="forest.BranchTest" name="testToStringMethod" time="0.046">
    <failure message="toString() メソッドが期待される文字列を返すこと expected:&lt;forest.Branch[start=[Node[StartNode],end=Node[EndNode]]]&gt; but was:&lt;forest.Branch[start=[startNode,end=endNode]]&gt;" type="junit.framework.AssertionFailedError">junit.framework.AssertionFailedError: toString() メソッドが期待される文字列を返すこと expected:&lt;forest.Branch[start=[Node[StartNode],end=Node[EndNode]]]&gt; but was:&lt;forest.Branch[start=[startNode,end=endNode]]&gt;
	at forest.BranchTest.testToStringMethod(Unknown Source)
	at java.base/jdk.internal.reflect.DirectMethodHandleAccessor.invoke(DirectMethodHandleAccessor.java:104)
	at org.mockito.internal.runners.DefaultInternalRunner$1$1.evaluate(DefaultInternalRunner.java:55)
	at org.mockito.internal.runners.DefaultInternalRunner$1.run(DefaultInternalRunner.java:100)
	at org.mockito.internal.runners.DefaultInternalRunner.run(DefaultInternalRunner.java:107)
	at org.mockito.internal.runners.StrictRunner.run(StrictRunner.java:42)
	at org.mockito.junit.MockitoJUnitRunner.run(MockitoJUnitRunner.java:163)
</failure>
  </testcase>
  <testcase classname="forest.BranchTest" name="testEndMethod" time="0.007" />
  <system-out><![CDATA[]]></system-out>
  <system-err><![CDATA[Mockito is currently self-attaching to enable the inline-mock-maker. This will no longer work in future releases of the JDK. Please add Mockito as an agent to your build as described in Mockito's documentation: https://javadoc.io/doc/org.mockito/mockito-core/latest/org.mockito/org/mockito/Mockito.html#0.3
WARNING: A Java agent has been loaded dynamically (/Users/tamp/Desktop/Forest_Develop/forest/Forest_Program/lib/byte-buddy-agent-1.17.6.jar)
WARNING: If a serviceability tool is in use, please run with -XX:+EnableDynamicAgentLoading to hide this warning
WARNING: If a serviceability tool is not in use, please run with -Djdk.instrument.traceUsage for more information
WARNING: Dynamic loading of agents will be disallowed by default in a future release
]]></system-err>
</testsuite>
